
@TEST_ONLY @TEST_ONLY
Scenario: TEST_ONLY                              # src/test/resources/developmentTests/TEST_ONLY.feature:5
  Then I login to Salesforce as a "System Admin" # com.sse.stepdefinitions.HomePageSteps.iLoginToSalesforceAsA(java.lang.String)
      org.junit.AssumptionViolatedException: got: <java.lang.RuntimeException: Element + Proxy element for: DefaultElementLocator 'By.cssSelector: #password' is still not exist after waiting for 8 second(s)>, expected: null
	at org.junit.Assume.assumeThat(Assume.java:106)
	at org.junit.Assume.assumeNoException(Assume.java:153)
	at com.sse.utilities.ExceptionHandler.handleException(ExceptionHandler.java:55)
	at com.sse.pages.LoginPage.login(LoginPage.java:99)
	at com.sse.stepdefinitions.HomePageSteps.iLoginToSalesforceAsA(HomePageSteps.java:34)
	at âœ½.I login to Salesforce as a "System Admin"(file:///D:/Eclipse/workspace1/abc/src/test/resources/developmentTests/TEST_ONLY.feature:6)
Caused by: java.lang.RuntimeException: Element + Proxy element for: DefaultElementLocator 'By.cssSelector: #password' is still not exist after waiting for 8 second(s)
	at com.sse.utilities.WaitUtilities.waitForElementWithSleep(WaitUtilities.java:896)
	at com.sse.utilities.WaitUtilities.waitForElementToBeClickableSafe(WaitUtilities.java:50)
	at com.sse.utilities.TextBoxUtilities.enterTextIntoTextbox(TextBoxUtilities.java:24)
	at com.sse.pages.LoginPage.login(LoginPage.java:94)
	at com.sse.stepdefinitions.HomePageSteps.iLoginToSalesforceAsA(HomePageSteps.java:34)
	at java.base/jdk.internal.reflect.NativeMethodAccessorImpl.invoke0(Native Method)
	at java.base/jdk.internal.reflect.NativeMethodAccessorImpl.invoke(NativeMethodAccessorImpl.java:77)
	at java.base/jdk.internal.reflect.DelegatingMethodAccessorImpl.invoke(DelegatingMethodAccessorImpl.java:43)
	at java.base/java.lang.reflect.Method.invoke(Method.java:568)
	at io.cucumber.java.Invoker.doInvoke(Invoker.java:66)
	at io.cucumber.java.Invoker.invoke(Invoker.java:24)
	at io.cucumber.java.AbstractGlueDefinition.invokeMethod(AbstractGlueDefinition.java:47)
	at io.cucumber.java.JavaStepDefinition.execute(JavaStepDefinition.java:29)
	at io.cucumber.core.runner.CoreStepDefinition.execute(CoreStepDefinition.java:66)
	at io.cucumber.core.runner.PickleStepDefinitionMatch.runStep(PickleStepDefinitionMatch.java:63)
	at io.cucumber.core.runner.ExecutionMode$1.execute(ExecutionMode.java:10)
	at io.cucumber.core.runner.TestStep.executeStep(TestStep.java:92)
	at io.cucumber.core.runner.TestStep.run(TestStep.java:64)
	at io.cucumber.core.runner.PickleStepTestStep.run(PickleStepTestStep.java:51)
	at io.cucumber.core.runner.TestCase.run(TestCase.java:104)
	at io.cucumber.core.runner.Runner.runPickle(Runner.java:73)
	at io.cucumber.junit.PickleRunners$WithStepDescriptions.run(PickleRunners.java:110)
	at io.cucumber.junit.FeatureRunner.runChild(FeatureRunner.java:135)
	at io.cucumber.junit.FeatureRunner.runChild(FeatureRunner.java:27)
	at org.junit.runners.ParentRunner$4.run(ParentRunner.java:331)
	at org.junit.runners.ParentRunner$1.schedule(ParentRunner.java:79)
	at org.junit.runners.ParentRunner.runChildren(ParentRunner.java:329)
	at org.junit.runners.ParentRunner.access$100(ParentRunner.java:66)
	at org.junit.runners.ParentRunner$2.evaluate(ParentRunner.java:293)
	at org.junit.runners.ParentRunner$3.evaluate(ParentRunner.java:306)
	at org.junit.runners.ParentRunner.run(ParentRunner.java:413)
	at io.cucumber.junit.Cucumber.runChild(Cucumber.java:200)
	at io.cucumber.junit.Cucumber.runChild(Cucumber.java:90)
	at org.junit.runners.ParentRunner$4.run(ParentRunner.java:331)
	at org.junit.runners.ParentRunner$1.schedule(ParentRunner.java:79)
	at org.junit.runners.ParentRunner.runChildren(ParentRunner.java:329)
	at org.junit.runners.ParentRunner.access$100(ParentRunner.java:66)
	at org.junit.runners.ParentRunner$2.evaluate(ParentRunner.java:293)
	at io.cucumber.junit.Cucumber$RunCucumber.evaluate(Cucumber.java:235)
	at org.junit.internal.runners.statements.RunBefores.evaluate(RunBefores.java:26)
	at org.junit.internal.runners.statements.RunAfters.evaluate(RunAfters.java:27)
	at org.junit.runners.ParentRunner$3.evaluate(ParentRunner.java:306)
	at org.junit.runners.ParentRunner.run(ParentRunner.java:413)
	at org.eclipse.jdt.internal.junit4.runner.JUnit4TestReference.run(JUnit4TestReference.java:93)
	at org.eclipse.jdt.internal.junit.runner.TestExecution.run(TestExecution.java:40)
	at org.eclipse.jdt.internal.junit.runner.RemoteTestRunner.runTests(RemoteTestRunner.java:529)
	at org.eclipse.jdt.internal.junit.runner.RemoteTestRunner.runTests(RemoteTestRunner.java:756)
	at org.eclipse.jdt.internal.junit.runner.RemoteTestRunner.run(RemoteTestRunner.java:452)
	at org.eclipse.jdt.internal.junit.runner.RemoteTestRunner.main(RemoteTestRunner.java:210)

  Then I logout                                  # com.sse.stepdefinitions.NavigationPanelSteps.iLogout()
